<?xml version="1.0" encoding="UTF-8"?>
<!-- Generated by org.testng.reporters.JUnitXMLReporter -->
<testsuite hostname="DESKTOP-G6T0SJ9" ignored="0" name="Chrome_5" tests="1" failures="1" timestamp="2019-12-21T18:03:01 MSK" time="0.019" errors="0">
  <testcase name="test" time="0.005" classname="Parallel.ParallelTESTNG.Test5">
    <failure type="java.lang.NullPointerException">
      <![CDATA[java.lang.NullPointerException
at Parallel.ParallelTESTNG.Test5.test(Test5.java:8)
at java.util.ArrayList.forEach(Unknown Source)
at java.util.concurrent.FutureTask.run(Unknown Source)
at java.util.concurrent.ThreadPoolExecutor.runWorker(Unknown Source)
at java.util.concurrent.ThreadPoolExecutor$Worker.run(Unknown Source)
at java.lang.Thread.run(Unknown Source)
... Removed 18 stack frames]]>
    </failure>
  </testcase> <!-- test -->
</testsuite> <!-- Chrome_5 -->
