<?xml version="1.0" encoding="UTF-8"?>
<!-- Generated by org.testng.reporters.JUnitXMLReporter -->
<testsuite hostname="DESKTOP-G6T0SJ9" ignored="0" name="Chrome_4" tests="2" failures="2" timestamp="2019-12-21T18:03:00 MSK" time="0.035" errors="0">
  <testcase name="test" time="0.004" classname="Parallel.ParallelTESTNG.Test4">
    <failure type="java.lang.NullPointerException">
      <![CDATA[java.lang.NullPointerException
at Parallel.ParallelTESTNG.Test4.test(Test4.java:8)
at java.util.ArrayList.forEach(Unknown Source)
at java.util.concurrent.FutureTask.run(Unknown Source)
at java.util.concurrent.ThreadPoolExecutor.runWorker(Unknown Source)
at java.util.concurrent.ThreadPoolExecutor$Worker.run(Unknown Source)
at java.lang.Thread.run(Unknown Source)
... Removed 18 stack frames]]>
    </failure>
  </testcase> <!-- test -->
  <testcase name="test" time="0.019" classname="Parallel.ParallelTESTNG.Test3">
    <failure type="java.lang.NullPointerException">
      <![CDATA[java.lang.NullPointerException
at Parallel.ParallelTESTNG.Test3.test(Test3.java:8)
at java.util.ArrayList.forEach(Unknown Source)
at java.util.concurrent.FutureTask.run(Unknown Source)
at java.util.concurrent.ThreadPoolExecutor.runWorker(Unknown Source)
at java.util.concurrent.ThreadPoolExecutor$Worker.run(Unknown Source)
at java.lang.Thread.run(Unknown Source)
... Removed 18 stack frames]]>
    </failure>
  </testcase> <!-- test -->
</testsuite> <!-- Chrome_4 -->
